BinderService/app/build/outputs/logs/manifest-merger-debug-report.txt
-- Merging decision tree log ---
manifest
ADDED from src/main/AndroidManifest.xml:2:1-26:12
	package
		ADDED from src/main/AndroidManifest.xml:3:7-45
		INJECTED from src/main/AndroidManifest.xml
		INJECTED from src/main/AndroidManifest.xml
	android:versionName
		ADDED from src/main/AndroidManifest.xml:5:7-32
		INJECTED from src/main/AndroidManifest.xml
		INJECTED from src/main/AndroidManifest.xml
	android:versionCode
		ADDED from src/main/AndroidManifest.xml:4:7-30
		INJECTED from src/main/AndroidManifest.xml
		INJECTED from src/main/AndroidManifest.xml
	xmlns:android
		ADDED from src/main/AndroidManifest.xml:2:11-69
application
ADDED from src/main/AndroidManifest.xml:6:5-23:19
	android:label
		ADDED from src/main/AndroidManifest.xml:6:48-80
	android:icon
		ADDED from src/main/AndroidManifest.xml:6:18-47
activity#com.cao.android.demos.binder.AIDLTestActivity
ADDED from src/main/AndroidManifest.xml:7:3-17:14
	android:label
		ADDED from src/main/AndroidManifest.xml:9:4-27
	android:name
		ADDED from src/main/AndroidManifest.xml:8:4-36
intent-filter#android.intent.action.MAIN+android.intent.category.LAUNCHER
ADDED from src/main/AndroidManifest.xml:11:4-16:20
action#android.intent.action.MAIN
ADDED from src/main/AndroidManifest.xml:12:5-13:50
	android:name
		ADDED from src/main/AndroidManifest.xml:13:6-47
category#android.intent.category.LAUNCHER
ADDED from src/main/AndroidManifest.xml:14:5-15:56
	android:name
		ADDED from src/main/AndroidManifest.xml:15:6-53
service#com.cao.android.demos.binder.AIDLTestService
ADDED from src/main/AndroidManifest.xml:18:3-22:16
	android:name
		ADDED from src/main/AndroidManifest.xml:18:12-71
intent-filter#com.cao.android.demos.binder.AIDLTestService
ADDED from src/main/AndroidManifest.xml:19:7-21:23
action#com.cao.android.demos.binder.AIDLTestService
ADDED from src/main/AndroidManifest.xml:20:8-78
	android:name
		ADDED from src/main/AndroidManifest.xml:20:16-75
uses-sdk
ADDED from src/main/AndroidManifest.xml:24:5-43
	android:targetSdkVersion
		INJECTED from src/main/AndroidManifest.xml
		INJECTED from src/main/AndroidManifest.xml
	android:minSdkVersion
		ADDED from src/main/AndroidManifest.xml:24:15-40
		INJECTED from src/main/AndroidManifest.xml
		INJECTED from src/main/AndroidManifest.xml